Using pre-set license
Built from '2020.3/staging' branch; Version is '2020.3.11f1 (99c7afb366b3) revision 10078127'; Using compiler version '192528614'; Build Type 'Release'
OS: 'Windows 10 Home; OS build 19042.1052; Version 2009; 64bit' Language: 'ru' Physical Memory: 8029 MB
BatchMode: 1, IsHumanControllingUs: 0, StartBugReporterOnCrash: 0, Is64bit: 1, IsPro: 0

 COMMAND LINE ARGUMENTS:
C:\Program Files\Unity\Hub\Editor\2020.3.11f1\Editor\Unity.exe
-adb2
-batchMode
-noUpm
-name
AssetImportWorker0
-projectPath
C:/Users/ilia7/Documents/GitHub/UniversityGameProject/UniversityGameProject
-logFile
Logs/AssetImportWorker0.log
-srvPort
57678
Successfully changed project path to: C:/Users/ilia7/Documents/GitHub/UniversityGameProject/UniversityGameProject
C:/Users/ilia7/Documents/GitHub/UniversityGameProject/UniversityGameProject
Using Asset Import Pipeline V2.
Refreshing native plugins compatible for Editor in 88.80 ms, found 2 plugins.
Preloading 0 native plugins for Editor in 0.00 ms.
Initialize engine version: 2020.3.11f1 (99c7afb366b3)
[Subsystems] Discovering subsystems at path C:/Program Files/Unity/Hub/Editor/2020.3.11f1/Editor/Data/Resources/UnitySubsystems
[Subsystems] Discovering subsystems at path C:/Users/ilia7/Documents/GitHub/UniversityGameProject/UniversityGameProject/Assets
GfxDevice: creating device client; threaded=0
Direct3D:
    Version:  Direct3D 11.0 [level 11.1]
    Renderer: NVIDIA GeForce GTX 1050 (ID=0x1c91)
    Vendor:   
    VRAM:     2996 MB
    Driver:   30.0.14.7111
Shader 'Universal Render Pipeline/Particles/Lit': fallback shader 'Universal Render Pipeline/Particles/SimpleLit' not found
Initialize mono
Mono path[0] = 'C:/Program Files/Unity/Hub/Editor/2020.3.11f1/Editor/Data/Managed'
Mono path[1] = 'C:/Program Files/Unity/Hub/Editor/2020.3.11f1/Editor/Data/MonoBleedingEdge/lib/mono/unityjit'
Mono config path = 'C:/Program Files/Unity/Hub/Editor/2020.3.11f1/Editor/Data/MonoBleedingEdge/etc'
Using monoOptions --debugger-agent=transport=dt_socket,embedding=1,server=y,suspend=n,address=127.0.0.1:56196
Begin MonoManager ReloadAssembly
Registering precompiled unity dll's ...
Register platform support module: C:/Program Files/Unity/Hub/Editor/2020.3.11f1/Editor/Data/PlaybackEngines/WindowsStandaloneSupport/UnityEditor.WindowsStandalone.Extensions.dll
Registered in 0.004224 seconds.
Native extension for WindowsStandalone target not found
Refreshing native plugins compatible for Editor in 92.95 ms, found 2 plugins.
Preloading 0 native plugins for Editor in 0.00 ms.
Mono: successfully reloaded assembly
- Completed reload, in  2.954 seconds
Platform modules already initialized, skipping
Registering precompiled user dll's ...
Registered in 0.178817 seconds.
