Using pre-set license
Built from '2020.3/staging' branch; Version is '2020.3.11f1 (99c7afb366b3) revision 10078127'; Using compiler version '192528614'; Build Type 'Release'
OS: 'Windows 10 Pro; OS build 19042.1052; Version 2009; 64bit' Language: 'ru' Physical Memory: 16225 MB
BatchMode: 1, IsHumanControllingUs: 0, StartBugReporterOnCrash: 0, Is64bit: 1, IsPro: 0

 COMMAND LINE ARGUMENTS:
C:\Program Files\Unity\Hub\Editor\2020.3.11f1\Editor\Unity.exe
-adb2
-batchMode
-noUpm
-name
AssetImportWorker0
-projectPath
C:/Users/HP/Desktop/UniversityGameProject/UniversityGameProject
-logFile
Logs/AssetImportWorker0.log
-srvPort
52256
Successfully changed project path to: C:/Users/HP/Desktop/UniversityGameProject/UniversityGameProject
C:/Users/HP/Desktop/UniversityGameProject/UniversityGameProject
Using Asset Import Pipeline V2.
Refreshing native plugins compatible for Editor in 47.50 ms, found 2 plugins.
Preloading 0 native plugins for Editor in 0.00 ms.
Initialize engine version: 2020.3.11f1 (99c7afb366b3)
[Subsystems] Discovering subsystems at path C:/Program Files/Unity/Hub/Editor/2020.3.11f1/Editor/Data/Resources/UnitySubsystems
[Subsystems] Discovering subsystems at path C:/Users/HP/Desktop/UniversityGameProject/UniversityGameProject/Assets
GfxDevice: creating device client; threaded=0
Direct3D:
    Version:  Direct3D 11.0 [level 11.1]
    Renderer: NVIDIA GeForce GTX 1660 Ti with Max-Q Design (ID=0x2191)
    Vendor:   
    VRAM:     5991 MB
    Driver:   27.21.14.6230
Shader 'Universal Render Pipeline/Particles/Lit': fallback shader 'Universal Render Pipeline/Particles/SimpleLit' not found
Initialize mono
Mono path[0] = 'C:/Program Files/Unity/Hub/Editor/2020.3.11f1/Editor/Data/Managed'
Mono path[1] = 'C:/Program Files/Unity/Hub/Editor/2020.3.11f1/Editor/Data/MonoBleedingEdge/lib/mono/unityjit'
Mono config path = 'C:/Program Files/Unity/Hub/Editor/2020.3.11f1/Editor/Data/MonoBleedingEdge/etc'
Using monoOptions --debugger-agent=transport=dt_socket,embedding=1,server=y,suspend=n,address=127.0.0.1:56824
Begin MonoManager ReloadAssembly
Registering precompiled unity dll's ...
Register platform support module: C:/Program Files/Unity/Hub/Editor/2020.3.11f1/Editor/Data/PlaybackEngines/WindowsStandaloneSupport/UnityEditor.WindowsStandalone.Extensions.dll
Registered in 0.001815 seconds.
Native extension for WindowsStandalone target not found
Refreshing native plugins compatible for Editor in 51.57 ms, found 2 plugins.
Preloading 0 native plugins for Editor in 0.00 ms.
Mono: successfully reloaded assembly
- Completed reload, in  0.994 seconds
Platform modules already initialized, skipping
Registering precompiled user dll's ...
Registered in 0.005028 seconds.
Begin MonoManager ReloadAssembly
Native extension for WindowsStandalone target not found
Refreshing native plugins compatible for Editor in 47.05 ms, found 2 plugins.
Preloading 0 native plugins for Editor in 0.00 ms.
Mono: successfully reloaded assembly
- Completed reload, in  1.102 seconds
Platform modules already initialized, skipping
========================================================================
Worker process is ready to serve import requests
Shader 'Universal Render Pipeline/Particles/Lit': fallback shader 'Universal Render Pipeline/Particles/SimpleLit' not found
Launched and connected shader compiler UnityShaderCompiler.exe after 0.04 seconds
Refreshing native plugins compatible for Editor in 0.50 ms, found 2 plugins.
Preloading 0 native plugins for Editor in 0.00 ms.
Unloading 2707 Unused Serialized files (Serialized files now loaded: 0)
System memory in use before: 149.6 MB.
System memory in use after: 149.8 MB.

Unloading 19 unused Assets to reduce memory usage. Loaded Objects now: 3171.
Total: 2.553300 ms (FindLiveObjects: 0.241600 ms CreateObjectMapping: 0.121100 ms MarkObjects: 2.090700 ms  DeleteObjects: 0.099000 ms)

========================================================================
Received Import Request.
  path: Assets/Scenes/SampleScene.unity
  artifactKey: Guid(d1c3109bdb54ad54c8a2b2838528e640) Importer(815301076,1909f56bfc062723c751e8b465ee728b)
Start importing Assets/Scenes/SampleScene.unity using Guid(d1c3109bdb54ad54c8a2b2838528e640) Importer(815301076,1909f56bfc062723c751e8b465ee728b)  -> (artifact id: 'b2e459a5695e60f0de6a761ff0c0c31f') in 0.012529 seconds
  Import took 0.016276 seconds .

========================================================================
Received Import Request.
  Time since last request: 0.000217 seconds.
  path: Assets/Scenes/Menu.unity
  artifactKey: Guid(81f70242e818aaf40a8884ad573c6455) Importer(815301076,1909f56bfc062723c751e8b465ee728b)
Start importing Assets/Scenes/Menu.unity using Guid(81f70242e818aaf40a8884ad573c6455) Importer(815301076,1909f56bfc062723c751e8b465ee728b)  -> (artifact id: 'f520857a86685553040d251cf4c63587') in 0.006602 seconds
  Import took 0.010486 seconds .

========================================================================
Received Import Request.
  Time since last request: 0.745435 seconds.
  path: Assets/Eevee3.fbx
  artifactKey: Guid(ade8943422b8c8444920c1c1e43c2a3b) Importer(815301076,1909f56bfc062723c751e8b465ee728b)
Start importing Assets/Eevee3.fbx using Guid(ade8943422b8c8444920c1c1e43c2a3b) Importer(815301076,1909f56bfc062723c751e8b465ee728b)  -> (artifact id: 'c42f7ff63eabbe3c94b57ffa352df431') in 0.287952 seconds
  Import took 0.292767 seconds .

========================================================================
Received Import Request.
  Time since last request: 0.000184 seconds.
  path: Assets/untitled.mtl.obj
  artifactKey: Guid(0be18e44c625c9d4885866ecfd93ca8a) Importer(815301076,1909f56bfc062723c751e8b465ee728b)
Start importing Assets/untitled.mtl.obj using Guid(0be18e44c625c9d4885866ecfd93ca8a) Importer(815301076,1909f56bfc062723c751e8b465ee728b)  -> (artifact id: 'b3a6bbbc1c9d5c291761ab2860256f2b') in 0.031250 seconds
  Import took 0.035411 seconds .

========================================================================
Received Import Request.
  Time since last request: 0.000237 seconds.
  path: Assets/palette.png
  artifactKey: Guid(89b50f7f6a481bb418a4f66c42ec2bc6) Importer(815301076,1909f56bfc062723c751e8b465ee728b)
Start importing Assets/palette.png using Guid(89b50f7f6a481bb418a4f66c42ec2bc6) Importer(815301076,1909f56bfc062723c751e8b465ee728b)  -> (artifact id: '9e842778a32d5d7cb6548c80bc3d8b15') in 0.018836 seconds
  Import took 0.022587 seconds .

========================================================================
Received Import Request.
  Time since last request: 0.000327 seconds.
  path: Assets/Range.mat
  artifactKey: Guid(033ad3c24edc5ec4688d29ac7e593761) Importer(815301076,1909f56bfc062723c751e8b465ee728b)
Start importing Assets/Range.mat using Guid(033ad3c24edc5ec4688d29ac7e593761) Importer(815301076,1909f56bfc062723c751e8b465ee728b)  -> (artifact id: '6483dbf2b61b39b7f99ccadd83600a9b') in 0.140805 seconds
  Import took 0.146854 seconds .

========================================================================
Received Import Request.
  Time since last request: 2.627029 seconds.
  path: Assets/Scripts
  artifactKey: Guid(02a3527b6b33a924e8ec66aa805ea717) Importer(815301076,1909f56bfc062723c751e8b465ee728b)
Start importing Assets/Scripts using Guid(02a3527b6b33a924e8ec66aa805ea717) Importer(815301076,1909f56bfc062723c751e8b465ee728b)  -> (artifact id: '3d22bec3b2937c29cd085e1506c06094') in 0.006462 seconds
  Import took 0.010159 seconds .

========================================================================
Received Import Request.
  Time since last request: 1.197730 seconds.
  path: Assets/Scripts/BuletCheck.cs
  artifactKey: Guid(211145444ad0d5b43a2b1d3634d32edc) Importer(815301076,1909f56bfc062723c751e8b465ee728b)
Start importing Assets/Scripts/BuletCheck.cs using Guid(211145444ad0d5b43a2b1d3634d32edc) Importer(815301076,1909f56bfc062723c751e8b465ee728b)  -> (artifact id: '48e14c895abd0032bf83c649773a0cf9') in 0.011937 seconds
  Import took 0.015895 seconds .

========================================================================
Received Prepare
Trying to reload asset but can't find object on disk

Trying to reload asset but can't find object on disk

Trying to reload asset but can't find object on disk

Trying to reload asset but can't find object on disk

Trying to reload asset but can't find object on disk

Trying to reload asset but can't find object on disk

Trying to reload asset but can't find object on disk

Trying to reload asset but can't find object on disk

Trying to reload asset but can't find object on disk

Trying to reload asset but can't find object on disk

Trying to reload asset but can't find object on disk

Trying to reload asset but can't find object on disk

Trying to reload asset but can't find object on disk

Trying to reload asset but can't find object on disk

Trying to reload asset but can't find object on disk

Trying to reload asset but can't find object on disk

Trying to reload asset but can't find object on disk

Trying to reload asset but can't find object on disk

Registering precompiled user dll's ...
Registered in 0.003544 seconds.
Begin MonoManager ReloadAssembly
Native extension for WindowsStandalone target not found
Refreshing native plugins compatible for Editor in 27.47 ms, found 2 plugins.
Preloading 0 native plugins for Editor in 0.00 ms.
Mono: successfully reloaded assembly
- Completed reload, in  1.035 seconds
Platform modules already initialized, skipping
Switching render pipeline 19ba41d7c0026c3459d37c2fe90c55a0 -> 00000000000000000000000000000000
Shader 'Universal Render Pipeline/Particles/Lit': fallback shader 'Universal Render Pipeline/Particles/SimpleLit' not found
Refreshing native plugins compatible for Editor in 0.47 ms, found 2 plugins.
Preloading 0 native plugins for Editor in 0.00 ms.
Unloading 1380 Unused Serialized files (Serialized files now loaded: 0)
System memory in use before: 135.2 MB.
System memory in use after: 135.4 MB.

Unloading 352 unused Assets to reduce memory usage. Loaded Objects now: 2924.
Total: 2.630700 ms (FindLiveObjects: 0.293600 ms CreateObjectMapping: 0.110800 ms MarkObjects: 1.904500 ms  DeleteObjects: 0.320900 ms)

========================================================================
Received Import Request.
  Time since last request: 75.184404 seconds.
  path: Assets/Scenes/SampleScene.unity
  artifactKey: Guid(d1c3109bdb54ad54c8a2b2838528e640) Importer(815301076,1909f56bfc062723c751e8b465ee728b)
Start importing Assets/Scenes/SampleScene.unity using Guid(d1c3109bdb54ad54c8a2b2838528e640) Importer(815301076,1909f56bfc062723c751e8b465ee728b)  -> (artifact id: '4a6d12e910095e78fdbd57d641be62f3') in 0.026080 seconds
  Import took 0.029519 seconds .

========================================================================
Received Prepare
Registering precompiled user dll's ...
Registered in 0.006940 seconds.
Begin MonoManager ReloadAssembly
Native extension for WindowsStandalone target not found
Refreshing native plugins compatible for Editor in 78.97 ms, found 2 plugins.
Preloading 0 native plugins for Editor in 0.00 ms.
Mono: successfully reloaded assembly
- Completed reload, in  1.944 seconds
Platform modules already initialized, skipping
Shader 'Universal Render Pipeline/Particles/Lit': fallback shader 'Universal Render Pipeline/Particles/SimpleLit' not found
Refreshing native plugins compatible for Editor in 0.67 ms, found 2 plugins.
Preloading 0 native plugins for Editor in 0.00 ms.
Unloading 2590 Unused Serialized files (Serialized files now loaded: 0)
System memory in use before: 160.9 MB.
System memory in use after: 161.1 MB.

Unloading 15 unused Assets to reduce memory usage. Loaded Objects now: 3218.
Total: 2.270300 ms (FindLiveObjects: 0.273200 ms CreateObjectMapping: 0.126500 ms MarkObjects: 1.850100 ms  DeleteObjects: 0.019500 ms)

========================================================================
Received Import Request.
  Time since last request: 190.234272 seconds.
  path: Assets/dirt.mat
  artifactKey: Guid(19beba6243c517b4c9c0e6e5820c3bdf) Importer(815301076,1909f56bfc062723c751e8b465ee728b)
Start importing Assets/dirt.mat using Guid(19beba6243c517b4c9c0e6e5820c3bdf) Importer(815301076,1909f56bfc062723c751e8b465ee728b) HideType uses the CustomEditor attribute but does not inherit from Editor.
You must inherit from Editor. See the Editor class script documentation.
UnityEngine.StackTraceUtility:ExtractStackTrace ()
UnityEngine.DebugLogHandler:LogFormat (UnityEngine.LogType,UnityEngine.Object,string,object[])
UnityEngine.Logger:Log (UnityEngine.LogType,object)
UnityEngine.Debug:LogWarning (object)
UnityEditor.CustomEditorAttributes:Rebuild ()
UnityEditor.CustomEditorAttributes:FindCustomEditorTypeByType (System.Type,bool)
UnityEditor.CustomEditorAttributes:FindCustomEditorType (UnityEngine.Object,bool)
UnityEditor.AssetPreviewUpdater:CreatePreviewForAsset (UnityEngine.Object,UnityEngine.Object[],string)

 -> (artifact id: '3f9b359923ecad431d4e0ce9f3a5a262') in 0.074302 seconds
  Import took 0.080841 seconds .

========================================================================
Received Import Request.
  Time since last request: 0.000286 seconds.
  path: Assets/Scenes/SampleScene.unity
  artifactKey: Guid(d1c3109bdb54ad54c8a2b2838528e640) Importer(815301076,1909f56bfc062723c751e8b465ee728b)
Start importing Assets/Scenes/SampleScene.unity using Guid(d1c3109bdb54ad54c8a2b2838528e640) Importer(815301076,1909f56bfc062723c751e8b465ee728b)  -> (artifact id: '423f16c94207e9c51d076e88252c3e01') in 0.006295 seconds
  Import took 0.009867 seconds .

========================================================================
Received Import Request.
  Time since last request: 0.000278 seconds.
  path: Assets/Pokeball.prefab
  artifactKey: Guid(0d528695eb7df5a48bd54a30a946c570) Importer(815301076,1909f56bfc062723c751e8b465ee728b)
Start importing Assets/Pokeball.prefab using Guid(0d528695eb7df5a48bd54a30a946c570) Importer(815301076,1909f56bfc062723c751e8b465ee728b)  -> (artifact id: 'fe77b75c716cf72bda90ad7140d99a07') in 0.029928 seconds
  Import took 0.033461 seconds .

========================================================================
Received Import Request.
  Time since last request: 0.000298 seconds.
  path: Assets/ray.png
  artifactKey: Guid(b16b106641c80c043822028976d39a1c) Importer(815301076,1909f56bfc062723c751e8b465ee728b)
Start importing Assets/ray.png using Guid(b16b106641c80c043822028976d39a1c) Importer(815301076,1909f56bfc062723c751e8b465ee728b)  -> (artifact id: 'e38690150f4a4ce44d9070e3569d4f40') in 0.028816 seconds
  Import took 0.033164 seconds .

========================================================================
Received Import Request.
  Time since last request: 0.000236 seconds.
  path: Assets/puff.mat
  artifactKey: Guid(dd9b01bb989747e4fa76e42da3f96241) Importer(815301076,1909f56bfc062723c751e8b465ee728b)
Start importing Assets/puff.mat using Guid(dd9b01bb989747e4fa76e42da3f96241) Importer(815301076,1909f56bfc062723c751e8b465ee728b)  -> (artifact id: '9782092f3fc355cfd8b470d3d529f56f') in 0.012773 seconds
  Import took 0.017088 seconds .

========================================================================
Received Prepare
Trying to reload asset but can't find object on disk

Trying to reload asset but can't find object on disk

Trying to reload asset but can't find object on disk

Trying to reload asset but can't find object on disk

Trying to reload asset but can't find object on disk

Trying to reload asset but can't find object on disk

Trying to reload asset but can't find object on disk

Trying to reload asset but can't find object on disk

Trying to reload asset but can't find object on disk

Trying to reload asset but can't find object on disk

Trying to reload asset but can't find object on disk

Trying to reload asset but can't find object on disk

Trying to reload asset but can't find object on disk

Trying to reload asset but can't find object on disk

Trying to reload asset but can't find object on disk

Trying to reload asset but can't find object on disk

Trying to reload asset but can't find object on disk

Registering precompiled user dll's ...
Registered in 0.003493 seconds.
Begin MonoManager ReloadAssembly
Native extension for WindowsStandalone target not found
Refreshing native plugins compatible for Editor in 26.87 ms, found 2 plugins.
Preloading 0 native plugins for Editor in 0.00 ms.
Mono: successfully reloaded assembly
- Completed reload, in  1.026 seconds
Platform modules already initialized, skipping
Switching render pipeline 19ba41d7c0026c3459d37c2fe90c55a0 -> 00000000000000000000000000000000
Shader 'Universal Render Pipeline/Particles/Lit': fallback shader 'Universal Render Pipeline/Particles/SimpleLit' not found
Refreshing native plugins compatible for Editor in 0.29 ms, found 2 plugins.
Preloading 0 native plugins for Editor in 0.00 ms.
Unloading 1381 Unused Serialized files (Serialized files now loaded: 0)
System memory in use before: 132.5 MB.
System memory in use after: 132.7 MB.

Unloading 303 unused Assets to reduce memory usage. Loaded Objects now: 2933.
Total: 2.855800 ms (FindLiveObjects: 0.329100 ms CreateObjectMapping: 0.144500 ms MarkObjects: 2.268100 ms  DeleteObjects: 0.112900 ms)

========================================================================
Received Import Request.
  Time since last request: 267.940187 seconds.
  path: Assets/SimpleNaturePack/SimpleNaturePack_LWRP_2018.3.unitypackage
  artifactKey: Guid(01edd933538615e4abe4075e5fc7adcc) Importer(815301076,1909f56bfc062723c751e8b465ee728b)
Start importing Assets/SimpleNaturePack/SimpleNaturePack_LWRP_2018.3.unitypackage using Guid(01edd933538615e4abe4075e5fc7adcc) Importer(815301076,1909f56bfc062723c751e8b465ee728b) HideType uses the CustomEditor attribute but does not inherit from Editor.
You must inherit from Editor. See the Editor class script documentation.
UnityEngine.StackTraceUtility:ExtractStackTrace ()
UnityEngine.DebugLogHandler:LogFormat (UnityEngine.LogType,UnityEngine.Object,string,object[])
UnityEngine.Logger:Log (UnityEngine.LogType,object)
UnityEngine.Debug:LogWarning (object)
UnityEditor.CustomEditorAttributes:Rebuild ()
UnityEditor.CustomEditorAttributes:FindCustomEditorTypeByType (System.Type,bool)
UnityEditor.CustomEditorAttributes:FindCustomEditorType (UnityEngine.Object,bool)
UnityEditor.AssetPreviewUpdater:CreatePreviewForAsset (UnityEngine.Object,UnityEngine.Object[],string)

 -> (artifact id: 'e22ed61d57ab4a30e1bcf4b9267cc44d') in 0.033173 seconds
  Import took 0.036704 seconds .

========================================================================
Received Prepare
Registering precompiled user dll's ...
Registered in 0.004715 seconds.
Begin MonoManager ReloadAssembly
Native extension for WindowsStandalone target not found
Refreshing native plugins compatible for Editor in 42.81 ms, found 2 plugins.
Preloading 0 native plugins for Editor in 0.00 ms.
Mono: successfully reloaded assembly
- Completed reload, in  1.106 seconds
Platform modules already initialized, skipping
Shader 'Universal Render Pipeline/Particles/Lit': fallback shader 'Universal Render Pipeline/Particles/SimpleLit' not found
Refreshing native plugins compatible for Editor in 0.46 ms, found 2 plugins.
Preloading 0 native plugins for Editor in 0.00 ms.
Unloading 2589 Unused Serialized files (Serialized files now loaded: 0)
System memory in use before: 158.7 MB.
System memory in use after: 158.9 MB.

Unloading 14 unused Assets to reduce memory usage. Loaded Objects now: 3227.
Total: 2.430800 ms (FindLiveObjects: 0.243300 ms CreateObjectMapping: 0.112800 ms MarkObjects: 2.056100 ms  DeleteObjects: 0.017800 ms)

AssetImportWorkerClient::OnTransportError - code=2 error=End of file
